<?xml version="1.0" encoding="UTF-8"?>
<testsuite xmlns:xsi="http://www.w3.org/2001/XMLSchema-instance" xsi:noNamespaceSchemaLocation="https://maven.apache.org/surefire/maven-surefire-plugin/xsd/surefire-test-report.xsd" version="3.0.2" name="com.example.TestDeploy.TestDeployProjectApplicationTests" time="2.682" tests="1" errors="0" skipped="0" failures="0">
  <properties>
[...]
</properties>
  <testcase name="contextLoads" classname="com.example.TestDeploy.TestDeployProjectApplicationTests" time="0.582">
    <system-out><![CDATA[12:11:52.586 [main] INFO org.springframework.test.context.support.AnnotationConfigContextLoaderUtils -- Could not detect default configuration classes for test class [com.example.TestDeploy.TestDeployProjectApplicationTests]: TestDeployProjectApplicationTests does not declare any static, non-private, non-final, nested classes annotated with @Configuration.
12:11:52.696 [main] INFO org.springframework.boot.test.context.SpringBootTestContextBootstrapper -- Found @SpringBootConfiguration com.example.TestDeploy.TestDeployProjectApplication for test class com.example.TestDeploy.TestDeployProjectApplicationTests

  .   ____          _            __ _ _
 /\\ / ___'_ __ _ _(_)_ __  __ _ \ \ \ \
( ( )\___ | '_ | '_| | '_ \/ _` | \ \ \ \
 \\/  ___)| |_)| | | | | || (_| |  ) ) ) )
  '  |____| .__|_| |_|_| |_\__, | / / / /
 =========|_|==============|___/=/_/_/_/

 :: Spring Boot ::                (v3.5.3)

2025-07-01T12:11:53.100+03:00  INFO 10048 --- [TestDeployProject] [           main] c.e.T.TestDeployProjectApplicationTests  : Starting TestDeployProjectApplicationTests using Java 23.0.1 with PID 10048 (started by ���� in C:\Users\����\Desktop\TestDeploy)
2025-07-01T12:11:53.100+03:00  INFO 10048 --- [TestDeployProject] [           main] c.e.T.TestDeployProjectApplicationTests  : No active profile set, falling back to 1 default profile: "default"
2025-07-01T12:11:54.553+03:00  INFO 10048 --- [TestDeployProject] [           main] c.e.T.TestDeployProjectApplicationTests  : Started TestDeployProjectApplicationTests in 1.732 seconds (process running for 2.595)
]]></system-out>
    <system-err><![CDATA[Mockito is currently self-attaching to enable the inline-mock-maker. This will no longer work in future releases of the JDK. Please add Mockito as an agent to your build as described in Mockito's documentation: https://javadoc.io/doc/org.mockito/mockito-core/latest/org.mockito/org/mockito/Mockito.html#0.3
WARNING: A Java agent has been loaded dynamically (C:\Users\Êîëÿ\.m2\repository\net\bytebuddy\byte-buddy-agent\1.17.6\byte-buddy-agent-1.17.6.jar)
WARNING: If a serviceability tool is in use, please run with -XX:+EnableDynamicAgentLoading to hide this warning
WARNING: If a serviceability tool is not in use, please run with -Djdk.instrument.traceUsage for more information
WARNING: Dynamic loading of agents will be disallowed by default in a future release
]]></system-err>
  </testcase>
</testsuite>